[2020-07-20T18:24:28.442] [DEBUG] cheese - login => username:12,password:123456

[2020-07-20T18:24:28.458] [DEBUG] cheese - 12
[2020-07-20T18:24:28.997] [DEBUG] cheese - null
[2020-07-20T18:24:29.001] [DEBUG] cheese - null
[2020-07-20T18:24:43.578] [DEBUG] cheese - login => username:admin,password:123456

[2020-07-20T18:24:43.578] [DEBUG] cheese - admin
[2020-07-20T18:24:43.612] [DEBUG] cheese - null
[2020-07-20T18:24:43.634] [DEBUG] cheese - null
[2020-07-20T18:25:24.371] [DEBUG] cheese - login => username:admin,password:123456

[2020-07-20T18:25:24.372] [DEBUG] cheese - admin
[2020-07-20T18:25:24.382] [DEBUG] cheese - null
[2020-07-20T18:25:24.382] [DEBUG] cheese - null
[2020-07-20T18:26:46.332] [DEBUG] cheese - login => username:admin,password:123456

[2020-07-20T18:26:46.332] [DEBUG] cheese - admin
[2020-07-20T18:26:46.339] [DEBUG] cheese - null
[2020-07-20T18:26:46.339] [DEBUG] cheese - null
[2020-07-20T18:26:52.785] [DEBUG] cheese - login => username:admin,password:123

[2020-07-20T18:26:52.785] [DEBUG] cheese - admin
[2020-07-20T18:26:52.823] [DEBUG] cheese - null
[2020-07-20T18:26:52.823] [DEBUG] cheese - null
[2020-07-20T18:27:26.732] [DEBUG] cheese - login => username:admin,password:123456
[2020-07-20T18:27:26.732] [DEBUG] cheese - admin
[2020-07-20T18:27:26.742] [DEBUG] cheese - null
[2020-07-20T18:27:26.742] [DEBUG] cheese - null
[2020-07-21T03:54:03.473] [DEBUG] cheese - login => username:gdsg,password:gfsdgfd
[2020-07-21T03:54:03.499] [DEBUG] cheese - gdsg
[2020-07-21T03:54:04.043] [DEBUG] cheese - null
[2020-07-21T03:54:04.046] [DEBUG] cheese - null
[2020-07-21T03:54:24.644] [DEBUG] cheese - login => username:gfds,password:gfdgfsdf
[2020-07-21T03:54:24.644] [DEBUG] cheese - gfds
[2020-07-21T03:54:24.743] [DEBUG] cheese - null
[2020-07-21T03:54:24.743] [DEBUG] cheese - null
[2020-07-21T03:56:12.997] [DEBUG] cheese - login => username:fsg,password:fgsggsgf
[2020-07-21T03:56:12.997] [DEBUG] cheese - fsg
[2020-07-21T03:56:13.017] [DEBUG] cheese - null
[2020-07-21T03:56:13.017] [DEBUG] cheese - null
[2020-07-21T03:57:21.166] [DEBUG] cheese - login => username:ddgd,password:fsfsfsfsf
[2020-07-21T03:57:21.167] [DEBUG] cheese - ddgd
[2020-07-21T03:57:21.175] [DEBUG] cheese - null
[2020-07-21T03:57:21.175] [DEBUG] cheese - null
[2020-07-21T03:59:14.546] [DEBUG] cheese - login => username:fgsdg,password:fgsdgsd
[2020-07-21T03:59:14.546] [DEBUG] cheese - fgsdg
[2020-07-21T03:59:14.555] [DEBUG] cheese - null
[2020-07-21T03:59:14.556] [DEBUG] cheese - null
[2020-07-21T04:06:45.035] [DEBUG] cheese - login => username:dfgsdg,password:fgsdgdf
[2020-07-21T04:06:45.035] [DEBUG] cheese - dfgsdg
[2020-07-21T04:06:45.049] [DEBUG] cheese - null
[2020-07-21T04:06:45.049] [DEBUG] cheese - null
[2020-07-21T04:06:48.195] [DEBUG] cheese - login => username:dfgsdg,password:fgsdgdf
[2020-07-21T04:06:48.195] [DEBUG] cheese - dfgsdg
[2020-07-21T04:06:48.208] [DEBUG] cheese - null
[2020-07-21T04:06:48.209] [DEBUG] cheese - null
[2020-07-21T04:06:52.104] [DEBUG] cheese - login => username:dfgsdg,password:fgsdgdffg
[2020-07-21T04:06:52.105] [DEBUG] cheese - dfgsdg
[2020-07-21T04:06:52.116] [DEBUG] cheese - null
[2020-07-21T04:06:52.117] [DEBUG] cheese - null
[2020-07-21T04:07:01.781] [DEBUG] cheese - login => username:gfd,password:fgsgsg
[2020-07-21T04:07:01.781] [DEBUG] cheese - gfd
[2020-07-21T04:07:01.793] [DEBUG] cheese - null
[2020-07-21T04:07:01.794] [DEBUG] cheese - null
[2020-07-21T04:07:12.218] [DEBUG] cheese - login => username:admin,password:123456
[2020-07-21T04:07:12.275] [DEBUG] cheese - admin
[2020-07-21T04:07:12.429] [DEBUG] cheese - null
[2020-07-21T04:07:12.429] [DEBUG] cheese - null
[2020-07-21T04:10:37.116] [DEBUG] cheese - login => username:admin,password:123456
[2020-07-21T04:10:37.116] [DEBUG] cheese - admin
[2020-07-21T04:10:37.155] [DEBUG] cheese - null
[2020-07-21T04:10:37.156] [DEBUG] cheese - null
[2020-07-21T04:10:51.630] [DEBUG] cheese - login => username:admin,password:123456
[2020-07-21T04:10:51.631] [DEBUG] cheese - admin
[2020-07-21T04:10:51.641] [DEBUG] cheese - null
[2020-07-21T04:10:51.641] [DEBUG] cheese - null
[2020-07-21T04:11:00.795] [DEBUG] cheese - login => username:admin,password:123456
[2020-07-21T04:11:00.795] [DEBUG] cheese - admin
[2020-07-21T04:11:00.850] [DEBUG] cheese - null
[2020-07-21T04:11:00.850] [DEBUG] cheese - null
[2020-07-21T04:11:15.155] [DEBUG] cheese - login => username:admin,password:123456
[2020-07-21T04:11:15.156] [DEBUG] cheese - admin
[2020-07-21T04:11:15.165] [DEBUG] cheese - null
[2020-07-21T04:11:15.165] [DEBUG] cheese - null
[2020-07-21T04:14:11.688] [DEBUG] cheese - login => username:admin,password:123456
[2020-07-21T04:14:11.688] [DEBUG] cheese - admin
[2020-07-21T04:14:11.712] [DEBUG] cheese - null
[2020-07-21T04:14:11.712] [DEBUG] cheese - null
[2020-07-21T04:14:33.729] [DEBUG] cheese - login => username:admin,password:123456
[2020-07-21T04:14:33.729] [DEBUG] cheese - admin
[2020-07-21T04:14:33.778] [DEBUG] cheese - null
[2020-07-21T04:14:33.778] [DEBUG] cheese - null
[2020-07-21T04:15:35.867] [DEBUG] cheese - login => username:admin,password:123456
[2020-07-21T04:15:35.867] [DEBUG] cheese - admin
[2020-07-21T04:15:35.890] [DEBUG] cheese - null
[2020-07-21T04:15:35.890] [DEBUG] cheese - null
[2020-07-21T04:16:42.818] [DEBUG] cheese - login => username:admin,password:123456
[2020-07-21T04:16:42.818] [DEBUG] cheese - admin
[2020-07-21T04:16:42.831] [DEBUG] cheese - null
[2020-07-21T04:16:42.831] [DEBUG] cheese - null
[2020-07-21T04:17:40.195] [DEBUG] cheese - login => username:admin,password:123456
[2020-07-21T04:17:40.195] [DEBUG] cheese - admin
[2020-07-21T04:17:40.203] [DEBUG] cheese - null
[2020-07-21T04:17:40.203] [DEBUG] cheese - null
[2020-07-21T04:21:04.067] [DEBUG] cheese - login => username:admin,password:123456
[2020-07-21T04:21:04.067] [DEBUG] cheese - admin
[2020-07-21T04:21:04.078] [DEBUG] cheese - null
[2020-07-21T04:21:04.078] [DEBUG] cheese - null
[2020-07-21T04:40:34.634] [DEBUG] cheese - login => username:admin,password:123456
[2020-07-21T04:40:34.635] [DEBUG] cheese - admin
[2020-07-21T04:40:34.940] [DEBUG] cheese - null
[2020-07-21T04:40:34.940] [DEBUG] cheese - null
[2020-07-21T04:40:55.939] [DEBUG] cheese - login => username:admin,password:123456
[2020-07-21T04:40:55.940] [DEBUG] cheese - admin
[2020-07-21T04:40:55.948] [DEBUG] cheese - null
[2020-07-21T04:40:55.948] [DEBUG] cheese - null
[2020-07-21T04:49:02.208] [DEBUG] cheese - login => username:admin,password:123456
[2020-07-21T04:49:02.209] [DEBUG] cheese - admin
[2020-07-21T04:49:02.357] [DEBUG] cheese - null
[2020-07-21T04:49:02.358] [DEBUG] cheese - null
[2020-07-21T13:43:39.751] [DEBUG] cheese - login => username:admin,password:123456
[2020-07-21T13:43:39.761] [DEBUG] cheese - admin
[2020-07-21T13:43:39.999] [DEBUG] cheese - null
[2020-07-21T13:43:40.001] [DEBUG] cheese - null
[2020-07-21T14:01:05.141] [DEBUG] cheese - login => username:admin,password:123456
[2020-07-21T14:01:05.143] [DEBUG] cheese - admin
[2020-07-21T14:01:05.171] [DEBUG] cheese - null
[2020-07-21T14:01:05.171] [DEBUG] cheese - null
[2020-07-21T14:08:52.004] [DEBUG] cheese - login => username:admin,password:123456
[2020-07-21T14:08:52.006] [DEBUG] cheese - admin
[2020-07-21T14:08:52.025] [DEBUG] cheese - null
[2020-07-21T14:08:52.025] [DEBUG] cheese - null
[2020-07-21T14:11:53.870] [DEBUG] cheese - login => username:admin,password:123456
[2020-07-21T14:11:53.871] [DEBUG] cheese - admin
[2020-07-21T14:11:53.879] [DEBUG] cheese - null
[2020-07-21T14:11:53.880] [DEBUG] cheese - null
[2020-07-21T14:16:25.578] [DEBUG] cheese - login => username:admin,password:123456
[2020-07-21T14:16:25.580] [DEBUG] cheese - admin
[2020-07-21T14:16:25.603] [DEBUG] cheese - null
[2020-07-21T14:16:25.603] [DEBUG] cheese - null
[2020-07-21T14:17:25.483] [DEBUG] cheese - login => username:admin,password:123456
[2020-07-21T14:17:25.483] [DEBUG] cheese - admin
[2020-07-21T14:17:25.498] [DEBUG] cheese - null
[2020-07-21T14:17:25.498] [DEBUG] cheese - null
[2020-07-21T14:18:06.237] [DEBUG] cheese - login => username:admin,password:123456
[2020-07-21T14:18:06.238] [DEBUG] cheese - admin
[2020-07-21T14:18:06.247] [DEBUG] cheese - null
[2020-07-21T14:18:06.247] [DEBUG] cheese - null
[2020-07-21T14:19:21.830] [DEBUG] cheese - login => username:admin,password:123456
[2020-07-21T14:19:21.830] [DEBUG] cheese - admin
[2020-07-21T14:19:21.840] [DEBUG] cheese - null
[2020-07-21T14:19:21.840] [DEBUG] cheese - null
[2020-07-21T14:20:09.492] [DEBUG] cheese - login => username:admin,password:123456
[2020-07-21T14:20:09.492] [DEBUG] cheese - admin
[2020-07-21T14:20:09.501] [DEBUG] cheese - null
[2020-07-21T14:20:09.501] [DEBUG] cheese - null
[2020-07-21T14:20:13.833] [DEBUG] cheese - login => username:admin,password:123456
[2020-07-21T14:20:13.833] [DEBUG] cheese - admin
[2020-07-21T14:20:13.841] [DEBUG] cheese - null
[2020-07-21T14:20:13.841] [DEBUG] cheese - null
[2020-07-21T14:41:56.263] [DEBUG] cheese - login => username:admin,password:123456
[2020-07-21T14:41:56.265] [DEBUG] cheese - admin
[2020-07-21T14:41:56.429] [DEBUG] cheese - null
[2020-07-21T14:41:56.430] [DEBUG] cheese - null
[2020-07-21T16:59:45.557] [DEBUG] cheese - login => username:admin,password:123456
[2020-07-21T16:59:45.675] [DEBUG] cheese - admin
[2020-07-21T16:59:45.982] [DEBUG] cheese - null
[2020-07-21T16:59:45.983] [DEBUG] cheese - null
[2020-07-21T18:27:46.901] [DEBUG] cheese - login => username:admin,password:123456
[2020-07-21T18:27:46.943] [DEBUG] cheese - admin
[2020-07-21T18:27:47.170] [DEBUG] cheese - null
[2020-07-21T18:27:47.171] [DEBUG] cheese - null
[2020-07-21T22:30:59.275] [DEBUG] cheese - login => username:linken,password:123456
[2020-07-21T22:30:59.492] [DEBUG] cheese - linken
[2020-07-21T22:31:00.498] [DEBUG] cheese - null
[2020-07-21T22:31:00.512] [DEBUG] cheese - null
[2020-07-21T22:31:00.682] [DEBUG] cheese - login => username:linken,password:123456
[2020-07-21T22:31:00.682] [DEBUG] cheese - linken
[2020-07-21T22:31:01.361] [DEBUG] cheese - null
[2020-07-21T22:31:01.361] [DEBUG] cheese - null
[2020-07-21T22:31:03.509] [DEBUG] cheese - login => username:linken,password:123456
[2020-07-21T22:31:03.509] [DEBUG] cheese - linken
[2020-07-21T22:31:03.537] [DEBUG] cheese - null
[2020-07-21T22:31:03.538] [DEBUG] cheese - null
[2020-07-21T22:31:09.505] [DEBUG] cheese - login => username:admin,password:123456
[2020-07-21T22:31:09.506] [DEBUG] cheese - admin
[2020-07-21T22:31:09.515] [DEBUG] cheese - null
[2020-07-21T22:31:09.516] [DEBUG] cheese - null
[2020-07-22T11:50:26.904] [DEBUG] cheese - login => username:admin,password:123456
[2020-07-22T11:50:26.914] [DEBUG] cheese - admin
[2020-07-22T11:50:27.126] [DEBUG] cheese - null
[2020-07-22T11:50:27.127] [DEBUG] cheese - null
[2020-07-22T11:51:03.294] [DEBUG] cheese - login => username:admin,password:123456
[2020-07-22T11:51:03.295] [DEBUG] cheese - admin
[2020-07-22T11:51:03.312] [DEBUG] cheese - null
[2020-07-22T11:51:03.312] [DEBUG] cheese - null
[2020-07-22T12:12:48.861] [DEBUG] cheese - login => username:admin,password:123456
[2020-07-22T12:12:48.862] [DEBUG] cheese - admin
[2020-07-22T12:12:48.928] [DEBUG] cheese - null
[2020-07-22T12:12:48.929] [DEBUG] cheese - null
[2020-07-22T12:16:41.071] [DEBUG] cheese - login => username:admin,password:123456
[2020-07-22T12:16:41.072] [DEBUG] cheese - admin
[2020-07-22T12:16:41.107] [DEBUG] cheese - null
[2020-07-22T12:16:41.108] [DEBUG] cheese - null
[2020-07-22T16:51:21.310] [DEBUG] cheese - login => username:admin,password:123456
[2020-07-22T16:51:21.441] [DEBUG] cheese - admin
[2020-07-22T16:51:21.535] [DEBUG] cheese - null
[2020-07-22T16:51:21.535] [DEBUG] cheese - null
[2020-07-23T01:35:59.813] [DEBUG] cheese - login => username:admin,password:123456
[2020-07-23T01:35:59.816] [DEBUG] cheese - admin
[2020-07-23T01:36:02.342] [DEBUG] cheese - null
[2020-07-23T01:36:02.343] [DEBUG] cheese - null
[2020-07-23T01:37:49.974] [DEBUG] cheese - login => username:admin,password:123456
[2020-07-23T01:37:49.976] [DEBUG] cheese - admin
[2020-07-23T01:37:49.999] [DEBUG] cheese - null
[2020-07-23T01:37:49.999] [DEBUG] cheese - null
[2020-07-23T01:38:00.906] [DEBUG] cheese - login => username:admin,password:123456
[2020-07-23T01:38:00.907] [DEBUG] cheese - admin
[2020-07-23T01:38:00.913] [DEBUG] cheese - null
[2020-07-23T01:38:00.914] [DEBUG] cheese - null
[2020-07-23T03:06:16.727] [DEBUG] cheese - null
[2020-07-23T03:08:06.131] [DEBUG] cheese - null
[2020-07-23T03:08:45.748] [DEBUG] cheese - null
[2020-07-23T03:09:57.441] [DEBUG] cheese - null
[2020-07-23T03:13:22.283] [DEBUG] cheese - null
[2020-07-23T03:13:32.977] [DEBUG] cheese - null
[2020-07-23T03:13:42.587] [DEBUG] cheese - null
[2020-07-23T12:48:55.331] [DEBUG] cheese - login => username:admin,password:123456
[2020-07-23T12:48:55.485] [DEBUG] cheese - admin
[2020-07-23T12:48:55.704] [DEBUG] cheese - { inspect: [Function: inspect] }
[2020-07-23T12:48:55.710] [DEBUG] cheese - 查询失败
[2020-07-23T12:49:09.646] [DEBUG] cheese - login => username:admin,password:123456
[2020-07-23T12:49:09.646] [DEBUG] cheese - admin
[2020-07-23T12:49:09.663] [DEBUG] cheese - { inspect: [Function: inspect] }
[2020-07-23T12:49:09.663] [DEBUG] cheese - 查询失败
[2020-07-23T12:49:35.353] [DEBUG] cheese - login => username:admin,password:123456
[2020-07-23T12:49:35.353] [DEBUG] cheese - admin
[2020-07-23T12:49:35.360] [DEBUG] cheese - { inspect: [Function: inspect] }
[2020-07-23T12:49:35.361] [DEBUG] cheese - 查询失败
[2020-07-23T12:50:05.699] [DEBUG] cheese - login => username:admin,password:123456
[2020-07-23T12:50:05.700] [DEBUG] cheese - admin
[2020-07-23T12:50:05.706] [DEBUG] cheese - { inspect: [Function: inspect] }
[2020-07-23T12:50:05.709] [DEBUG] cheese - 查询失败
[2020-07-23T12:50:45.850] [DEBUG] cheese - login => username:admin,password:123456
[2020-07-23T12:50:45.850] [DEBUG] cheese - admin
[2020-07-23T12:50:45.856] [DEBUG] cheese - { inspect: [Function: inspect] }
[2020-07-23T12:50:45.856] [DEBUG] cheese - 查询失败
[2020-07-23T12:52:41.890] [DEBUG] cheese - login => username:admin,password:123456
[2020-07-23T12:52:41.891] [DEBUG] cheese - admin
[2020-07-23T12:52:41.901] [DEBUG] cheese - { inspect: [Function: inspect] }
[2020-07-23T12:52:41.901] [DEBUG] cheese - 查询失败
[2020-07-23T12:53:10.690] [DEBUG] cheese - login => username:admin,password:123456
[2020-07-23T12:53:10.690] [DEBUG] cheese - admin
[2020-07-23T12:53:10.697] [DEBUG] cheese - { inspect: [Function: inspect] }
[2020-07-23T12:53:10.697] [DEBUG] cheese - 查询失败
[2020-07-23T12:55:27.982] [DEBUG] cheese - login => username:admin,password:123456
[2020-07-23T12:55:27.983] [DEBUG] cheese - admin
[2020-07-23T12:55:28.085] [DEBUG] cheese - null
[2020-07-23T12:55:28.085] [DEBUG] cheese - null
[2020-07-23T13:48:32.939] [DEBUG] cheese - login => username:admin,password:123456
[2020-07-23T13:48:33.088] [DEBUG] cheese - admin
[2020-07-23T13:48:33.109] [DEBUG] cheese - login => username:admin,password:123456
[2020-07-23T13:48:33.109] [DEBUG] cheese - admin
[2020-07-23T13:48:34.050] [DEBUG] cheese - null
[2020-07-23T13:48:34.058] [DEBUG] cheese - null
[2020-07-23T13:48:34.653] [DEBUG] cheese - null
[2020-07-23T13:48:34.653] [DEBUG] cheese - null
[2020-07-23T13:48:40.052] [DEBUG] cheese - login => username:admin,password:123456
[2020-07-23T13:48:40.053] [DEBUG] cheese - admin
[2020-07-23T13:48:40.069] [DEBUG] cheese - null
[2020-07-23T13:48:40.069] [DEBUG] cheese - null
[2020-07-23T14:07:25.985] [DEBUG] cheese - login => username:admin,password:123456
[2020-07-23T14:07:26.014] [DEBUG] cheese - admin
[2020-07-23T14:07:26.313] [DEBUG] cheese - null
[2020-07-23T14:07:26.314] [DEBUG] cheese - null
[2020-07-24T01:44:20.155] [DEBUG] cheese - login => username:admin,password:123456
[2020-07-24T01:44:20.167] [DEBUG] cheese - admin
[2020-07-24T01:44:20.567] [DEBUG] cheese - null
[2020-07-24T01:44:20.567] [DEBUG] cheese - null
[2020-07-24T14:28:52.732] [DEBUG] cheese - login => username:admin,password:123456
[2020-07-24T14:28:52.755] [DEBUG] cheese - admin
[2020-07-24T14:28:52.920] [DEBUG] cheese - null
[2020-07-24T14:28:52.921] [DEBUG] cheese - null
[2020-07-24T18:51:38.632] [DEBUG] cheese - login => username:admin,password:123456
[2020-07-24T18:51:39.326] [DEBUG] cheese - admin
[2020-07-24T18:51:43.227] [DEBUG] cheese - null
[2020-07-24T18:51:43.254] [DEBUG] cheese - null
[2020-07-24T22:04:39.794] [DEBUG] cheese - login => username:admin,password:123456
[2020-07-24T22:04:39.878] [DEBUG] cheese - admin
[2020-07-24T22:04:40.938] [DEBUG] cheese - null
[2020-07-24T22:04:40.965] [DEBUG] cheese - null
[2020-07-25T10:22:44.016] [DEBUG] cheese - login => username:admin,password:123456
[2020-07-25T10:22:44.039] [DEBUG] cheese - admin
[2020-07-25T10:22:44.499] [DEBUG] cheese - null
[2020-07-25T10:22:44.500] [DEBUG] cheese - null
[2020-07-25T10:22:45.056] [DEBUG] cheese - login => username:admin,password:123456
[2020-07-25T10:22:45.056] [DEBUG] cheese - admin
[2020-07-25T10:22:45.065] [DEBUG] cheese - null
[2020-07-25T10:22:45.066] [DEBUG] cheese - null
[2020-07-25T10:47:13.131] [DEBUG] cheese - login => username:admin,password:123456
[2020-07-25T10:47:13.133] [DEBUG] cheese - admin
[2020-07-25T10:47:13.151] [DEBUG] cheese - null
[2020-07-25T10:47:13.152] [DEBUG] cheese - null
[2020-07-26T13:30:46.275] [DEBUG] cheese - login => username:admin,password:123456
[2020-07-26T13:30:46.298] [DEBUG] cheese - admin
[2020-07-26T13:30:46.809] [DEBUG] cheese - null
[2020-07-26T13:30:46.811] [DEBUG] cheese - null
[2020-07-26T21:02:20.678] [DEBUG] cheese - login => username:admin,password:123456
[2020-07-26T21:02:20.804] [DEBUG] cheese - admin
[2020-07-26T21:02:22.260] [DEBUG] cheese - null
[2020-07-26T21:02:22.261] [DEBUG] cheese - null
[2020-07-26T22:07:28.806] [DEBUG] cheese - login => username:admin,password:123456
[2020-07-26T22:07:29.704] [DEBUG] cheese - admin
[2020-07-26T22:07:32.228] [DEBUG] cheese - null
[2020-07-26T22:07:32.229] [DEBUG] cheese - null
[2020-07-26T23:34:20.567] [DEBUG] cheese - login => username:admin,password:123456
[2020-07-26T23:34:20.795] [DEBUG] cheese - admin
[2020-07-26T23:34:21.062] [DEBUG] cheese - null
[2020-07-26T23:34:21.071] [DEBUG] cheese - null
[2020-07-26T23:58:14.217] [DEBUG] cheese - login => username:admin,password:123456
[2020-07-26T23:58:14.237] [DEBUG] cheese - admin
[2020-07-26T23:58:14.436] [DEBUG] cheese - login => username:admin,password:123456
[2020-07-26T23:58:14.436] [DEBUG] cheese - admin
[2020-07-26T23:58:15.185] [DEBUG] cheese - null
[2020-07-26T23:58:15.187] [DEBUG] cheese - null
[2020-07-26T23:58:15.511] [DEBUG] cheese - null
[2020-07-26T23:58:15.512] [DEBUG] cheese - null
[2020-07-27T00:08:57.808] [DEBUG] cheese - login => username:admin,password:123456
[2020-07-27T00:08:57.808] [DEBUG] cheese - admin
[2020-07-27T00:08:57.822] [DEBUG] cheese - null
[2020-07-27T00:08:57.822] [DEBUG] cheese - null
[2020-07-27T00:24:02.024] [DEBUG] cheese - login => username:admin,password:123456
[2020-07-27T00:24:02.024] [DEBUG] cheese - admin
[2020-07-27T00:24:02.034] [DEBUG] cheese - null
[2020-07-27T00:24:02.034] [DEBUG] cheese - null
[2020-07-27T00:26:04.702] [DEBUG] cheese - login => username:admin,password:123456
[2020-07-27T00:26:04.702] [DEBUG] cheese - admin
[2020-07-27T00:26:04.706] [DEBUG] cheese - null
[2020-07-27T00:26:04.706] [DEBUG] cheese - null
[2020-07-27T00:49:45.804] [DEBUG] cheese - login => username:admin,password:123456
[2020-07-27T00:49:45.808] [DEBUG] cheese - admin
[2020-07-27T00:49:45.936] [DEBUG] cheese - null
[2020-07-27T00:49:45.937] [DEBUG] cheese - null
